0 silly input [ 'validate' ]
1 silly flags { _: [ 'run' ],
1 silly flags   'reject-cycles': false,
1 silly flags   rejectCycles: false,
1 silly flags   script: 'validate',
1 silly flags   args: [] }
2 verbose rootPath /Users/benjaminsmawfield/Documents/lerna
3 info version 2.11.0
4 silly existsSync /Users/benjaminsmawfield/Documents/lerna/VERSION
5 info versioning independent
6 silly initialize attempt
7 silly initialize success
8 silly execute attempt
9 silly runScriptInDir validate [] mobile
10 silly getExecOpts { cwd: '/Users/benjaminsmawfield/Documents/lerna/packages/mobile' }
11 silly runScriptInDir validate [] web
12 silly getExecOpts { cwd: '/Users/benjaminsmawfield/Documents/lerna/packages/web' }
13 error validate Errored while running script in 'mobile'
14 error execute callback with error
15 error Error: Command failed: yarn run validate
15 error FAIL src/App.spec.js (5.278s)
15 error   App
15 error     ✕ Should render (17ms)
15 error
15 error   ● App › Should render
15 error
15 error     expect(value).toMatchSnapshot()
15 error
15 error     Received value does not match stored snapshot "App Should render 1".
15 error
15 error     - Snapshot
15 error     + Received
15 error
15 error       <Styled(Component)>
15 error         <Styled(Text)>
15 error     -     Hello world
15 error     +     Hello worldy
15 error         </Styled(Text)>
15 error       </Styled(Component)>
15 error
15 error        8 |     const app = shallow(<App />);
15 error        9 |
15 error     > 10 |     expect(app).toMatchSnapshot();
15 error          |                 ^
15 error       11 |   });
15 error       12 | });
15 error       13 |
15 error
15 error       at Object.<anonymous> (src/App.spec.js:10:17)
15 error
15 error  › 1 snapshot failed.
15 error Snapshot Summary
15 error  › 1 snapshot failed from 1 test suite. Inspect your code changes or run `yarn run test:unit -u` to update them.
15 error
15 error Test Suites: 1 failed, 1 total
15 error Tests:       1 failed, 1 total
15 error Snapshots:   1 failed, 1 total
15 error Time:        6.551s
15 error Ran all test suites.
15 error error Command failed with exit code 1.
15 error ERROR: "test:unit" exited with 1.
15 error error Command failed with exit code 1.
15 error ERROR: "test" exited with 1.
15 error error Command failed with exit code 1.
15 error $ npm-run-all lint test
15 error $ npm-run-all lint:css lint:js
15 error $ stylelint './src/**/*.js'
15 error $ eslint --ext .js src/
15 error $ npm-run-all test:unit
15 error $ jest --config ./jest.config.js --coverage
15 error ----------|----------|----------|----------|----------|-------------------|
15 error File      |  % Stmts | % Branch |  % Funcs |  % Lines | Uncovered Line #s |
15 error ----------|----------|----------|----------|----------|-------------------|
15 error All files |      100 |      100 |      100 |      100 |                   |
15 error  App.js   |      100 |      100 |      100 |      100 |                   |
15 error ----------|----------|----------|----------|----------|-------------------|
15 error info Visit https://yarnpkg.com/en/docs/cli/run for documentation about this command.
15 error info Visit https://yarnpkg.com/en/docs/cli/run for documentation about this command.
15 error info Visit https://yarnpkg.com/en/docs/cli/run for documentation about this command.
15 error
15 error     at Promise.all.then.arr (/Users/benjaminsmawfield/Documents/lerna/node_modules/lerna/node_modules/execa/index.js:236:11)
15 error     at <anonymous>
